2023-07-26 16:28:14 - INFO - Scrapy 2.9.0 started (bot: scraper)
2023-07-26 16:28:14 - INFO - Versions: lxml 4.9.3.0, libxml2 2.10.3, cssselect 1.2.0, parsel 1.8.1, w3lib 2.1.1, Twisted 22.10.0, Python 3.10.12 (main, Jul  5 2023, 18:54:27) [GCC 11.2.0], pyOpenSSL 23.2.0 (OpenSSL 3.1.1 30 May 2023), cryptography 41.0.2, Platform Linux-6.1.39-1-lts-x86_64-with-glibc2.37
2023-07-26 16:28:14 - INFO - Overridden settings:
{'BOT_NAME': 'scraper',
 'FEED_EXPORT_ENCODING': 'utf-8',
 'NEWSPIDER_MODULE': 'scraper.spiders',
 'REQUEST_FINGERPRINTER_IMPLEMENTATION': '2.7',
 'ROBOTSTXT_OBEY': True,
 'SPIDER_MODULES': ['scraper.spiders'],
 'TWISTED_REACTOR': 'twisted.internet.asyncioreactor.AsyncioSelectorReactor',
 'USER_AGENT': 'Mozilla/5.0 (Windows NT 10.0; Win64; x64) AppleWebKit/537.36 '
               '(KHTML, like Gecko) Chrome/58.0.3029.110 Safari/537.3'}
2023-07-26 16:28:14 - DEBUG - Using selector: EpollSelector
2023-07-26 16:28:14 - DEBUG - Using reactor: twisted.internet.asyncioreactor.AsyncioSelectorReactor
2023-07-26 16:28:14 - DEBUG - Using asyncio event loop: asyncio.unix_events._UnixSelectorEventLoop
2023-07-26 16:28:14 - INFO - Telnet Password: 328d1acbfb5fbcba
2023-07-26 16:28:15 - INFO - Enabled extensions:
['scrapy.extensions.corestats.CoreStats',
 'scrapy.extensions.telnet.TelnetConsole',
 'scrapy.extensions.memusage.MemoryUsage',
 'scrapy.extensions.logstats.LogStats']
2023-07-26 16:28:15 - INFO - Enabled downloader middlewares:
['scrapy.downloadermiddlewares.robotstxt.RobotsTxtMiddleware',
 'scrapy.downloadermiddlewares.httpauth.HttpAuthMiddleware',
 'scrapy.downloadermiddlewares.downloadtimeout.DownloadTimeoutMiddleware',
 'scrapy.downloadermiddlewares.defaultheaders.DefaultHeadersMiddleware',
 'scrapy.downloadermiddlewares.useragent.UserAgentMiddleware',
 'scrapy.downloadermiddlewares.retry.RetryMiddleware',
 'scrapy.downloadermiddlewares.redirect.MetaRefreshMiddleware',
 'scrapy.downloadermiddlewares.httpcompression.HttpCompressionMiddleware',
 'scrapy.downloadermiddlewares.redirect.RedirectMiddleware',
 'scrapy.downloadermiddlewares.cookies.CookiesMiddleware',
 'scrapy.downloadermiddlewares.httpproxy.HttpProxyMiddleware',
 'scrapy.downloadermiddlewares.stats.DownloaderStats']
2023-07-26 16:28:15 - INFO - Enabled spider middlewares:
['scrapy.spidermiddlewares.httperror.HttpErrorMiddleware',
 'scrapy.spidermiddlewares.offsite.OffsiteMiddleware',
 'scrapy.spidermiddlewares.referer.RefererMiddleware',
 'scrapy.spidermiddlewares.urllength.UrlLengthMiddleware',
 'scrapy.spidermiddlewares.depth.DepthMiddleware']
2023-07-26 16:28:15 - INFO - Enabled item pipelines:
[]
2023-07-26 16:28:15 - INFO - Spider opened
2023-07-26 16:28:15 - INFO - Crawled 0 pages (at 0 pages/min), scraped 0 items (at 0 items/min)
2023-07-26 16:28:15 - INFO - Telnet console listening on 127.0.0.1:6023
2023-07-26 16:28:16 - DEBUG - Crawled (200) <GET https://finance.yahoo.com/robots.txt> (referer: None)
2023-07-26 16:28:28 - DEBUG - Crawled (200) <GET https://finance.yahoo.com/lookup> (referer: None)
2023-07-26 16:28:29 - DEBUG - Scraped from <200 https://finance.yahoo.com/lookup>
{'symbol': 'MSFT', 'name': 'Microsoft Corporation', 'last_price': '350.98', 'change': '+5.87', 'change_percentage': '+1.70%'}
2023-07-26 16:28:29 - DEBUG - Scraped from <200 https://finance.yahoo.com/lookup>
{'symbol': 'T', 'name': 'AT&T Inc.', 'last_price': '14.80', 'change': '-0.15', 'change_percentage': '-1.00%'}
2023-07-26 16:28:29 - DEBUG - Scraped from <200 https://finance.yahoo.com/lookup>
{'symbol': 'GOOG', 'name': 'Alphabet Inc.', 'last_price': '122.79', 'change': '+0.91', 'change_percentage': '+0.75%'}
2023-07-26 16:28:29 - DEBUG - Scraped from <200 https://finance.yahoo.com/lookup>
{'symbol': 'SNAP', 'name': 'Snap Inc.', 'last_price': '12.51', 'change': '-0.17', 'change_percentage': '-1.34%'}
2023-07-26 16:28:29 - DEBUG - Scraped from <200 https://finance.yahoo.com/lookup>
{'symbol': 'GOOGL', 'name': 'Alphabet Inc.', 'last_price': '122.21', 'change': '+0.68', 'change_percentage': '+0.56%'}
2023-07-26 16:28:29 - DEBUG - Scraped from <200 https://finance.yahoo.com/lookup>
{'symbol': 'TMO', 'name': 'Thermo Fisher Scientific Inc.', 'last_price': '570.91', 'change': '-0.61', 'change_percentage': '-0.11%'}
2023-07-26 16:28:29 - DEBUG - Scraped from <200 https://finance.yahoo.com/lookup>
{'symbol': 'RR.L', 'name': 'Rolls-Royce Holdings plc', 'last_price': '184.55', 'change': '+31.90', 'change_percentage': '+20.90%'}
2023-07-26 16:28:29 - DEBUG - Scraped from <200 https://finance.yahoo.com/lookup>
{'symbol': 'PACW', 'name': 'PacWest Bancorp', 'last_price': '7.69', 'change': '-2.85', 'change_percentage': '-27.04%'}
2023-07-26 16:28:29 - DEBUG - Scraped from <200 https://finance.yahoo.com/lookup>
{'symbol': 'META', 'name': 'Meta Platforms, Inc.', 'last_price': '294.47', 'change': '+2.86', 'change_percentage': '+0.98%'}
2023-07-26 16:28:29 - DEBUG - Scraped from <200 https://finance.yahoo.com/lookup>
{'symbol': 'SIMO', 'name': 'Silicon Motion Technology Corporation', 'last_price': '52.20', 'change': '-0.17', 'change_percentage': '-0.32%'}
2023-07-26 16:28:29 - DEBUG - Scraped from <200 https://finance.yahoo.com/lookup>
{'symbol': 'AMZN', 'name': 'Amazon.com, Inc.', 'last_price': '129.13', 'change': '+0.33', 'change_percentage': '+0.26%'}
2023-07-26 16:28:29 - DEBUG - Scraped from <200 https://finance.yahoo.com/lookup>
{'symbol': 'BANC', 'name': 'Banc of California, Inc.', 'last_price': '14.62', 'change': '+1.47', 'change_percentage': '+11.17%'}
2023-07-26 16:28:29 - DEBUG - Scraped from <200 https://finance.yahoo.com/lookup>
{'symbol': 'TDOC', 'name': 'Teladoc Health, Inc.', 'last_price': '22.78', 'change': '-0.59', 'change_percentage': '-2.52%'}
2023-07-26 16:28:29 - DEBUG - Scraped from <200 https://finance.yahoo.com/lookup>
{'symbol': 'DISH', 'name': 'DISH Network Corporation', 'last_price': '7.72', 'change': '-0.04', 'change_percentage': '-0.52%'}
2023-07-26 16:28:29 - DEBUG - Scraped from <200 https://finance.yahoo.com/lookup>
{'symbol': 'TSEM', 'name': 'Tower Semiconductor Ltd.', 'last_price': '34.78', 'change': '-0.22', 'change_percentage': '-0.63%'}
2023-07-26 16:28:29 - DEBUG - Scraped from <200 https://finance.yahoo.com/lookup>
{'symbol': 'V', 'name': 'Visa Inc.', 'last_price': '238.69', 'change': '-2.05', 'change_percentage': '-0.85%'}
2023-07-26 16:28:29 - DEBUG - Scraped from <200 https://finance.yahoo.com/lookup>
{'symbol': 'WM', 'name': 'Waste Management, Inc.', 'last_price': '171.75', 'change': '-0.05', 'change_percentage': '-0.03%'}
2023-07-26 16:28:29 - DEBUG - Scraped from <200 https://finance.yahoo.com/lookup>
{'symbol': 'MC.PA', 'name': 'LVMH Moët Hennessy - Louis Vuitton, Société Européenne', 'last_price': '811.50', 'change': '-42.50', 'change_percentage': '-4.98%'}
2023-07-26 16:28:29 - DEBUG - Scraped from <200 https://finance.yahoo.com/lookup>
{'symbol': 'WFC', 'name': 'Wells Fargo & Company', 'last_price': '45.48', 'change': '-0.94', 'change_percentage': '-2.02%'}
2023-07-26 16:28:29 - DEBUG - Scraped from <200 https://finance.yahoo.com/lookup>
{'symbol': 'UPST', 'name': 'Upstart Holdings, Inc.', 'last_price': '62.99', 'change': '+9.35', 'change_percentage': '+17.43%'}
2023-07-26 16:28:29 - DEBUG - Scraped from <200 https://finance.yahoo.com/lookup>
{'symbol': 'INPX', 'name': 'Inpixon', 'last_price': '0.2886', 'change': '+0.1363', 'change_percentage': '+89.49%'}
2023-07-26 16:28:29 - DEBUG - Scraped from <200 https://finance.yahoo.com/lookup>
{'symbol': 'TXN', 'name': 'Texas Instruments Incorporated', 'last_price': '186.08', 'change': '+2.19', 'change_percentage': '+1.19%'}
2023-07-26 16:28:29 - DEBUG - Scraped from <200 https://finance.yahoo.com/lookup>
{'symbol': 'MXL', 'name': 'MaxLinear, Inc.', 'last_price': '34.00', 'change': '+0.40', 'change_percentage': '+1.19%'}
2023-07-26 16:28:29 - DEBUG - Scraped from <200 https://finance.yahoo.com/lookup>
{'symbol': 'BA', 'name': 'The Boeing Company', 'last_price': '214.12', 'change': '-1.75', 'change_percentage': '-0.81%'}
2023-07-26 16:28:29 - DEBUG - Scraped from <200 https://finance.yahoo.com/lookup>
{'symbol': 'WRNT', 'name': 'Warrantee Inc. American Depositary Shares', 'last_price': '4.3000', 'change': '+0.3000', 'change_percentage': '+7.50%'}
2023-07-26 16:28:29 - DEBUG - Scraped from <200 https://finance.yahoo.com/lookup>
{'symbol': 'KO', 'name': 'The Coca-Cola Company', 'last_price': '62.25', 'change': '-0.21', 'change_percentage': '-0.34%'}
2023-07-26 16:28:29 - DEBUG - Scraped from <200 https://finance.yahoo.com/lookup>
{'symbol': 'AURC', 'name': 'Aurora Acquisition Corp.', 'last_price': '33.53', 'change': '+23.08', 'change_percentage': '+220.86%'}
2023-07-26 16:28:29 - DEBUG - Scraped from <200 https://finance.yahoo.com/lookup>
{'symbol': 'TLRY', 'name': 'Tilray Brands, Inc.', 'last_price': '1.6800', 'change': '-0.0100', 'change_percentage': '-0.59%'}
2023-07-26 16:28:29 - DEBUG - Scraped from <200 https://finance.yahoo.com/lookup>
{'symbol': 'NKLA', 'name': 'Nikola Corporation', 'last_price': '2.0300', 'change': '-0.3500', 'change_percentage': '-14.71%'}
2023-07-26 16:28:29 - DEBUG - Scraped from <200 https://finance.yahoo.com/lookup>
{'symbol': 'BFRG', 'name': 'Bullfrog AI Holdings, Inc.', 'last_price': '4.9900', 'change': '+1.5300', 'change_percentage': '+44.22%'}
2023-07-26 16:28:29 - INFO - Closing spider (finished)
2023-07-26 16:28:29 - INFO - Dumping Scrapy stats:
{'downloader/request_bytes': 610,
 'downloader/request_count': 2,
 'downloader/request_method_count/GET': 2,
 'downloader/response_bytes': 905490,
 'downloader/response_count': 2,
 'downloader/response_status_count/200': 2,
 'elapsed_time_seconds': 13.780565,
 'finish_reason': 'finished',
 'finish_time': datetime.datetime(2023, 7, 26, 11, 28, 29, 152985),
 'httpcompression/response_bytes': 1599871,
 'httpcompression/response_count': 1,
 'item_scraped_count': 30,
 'log_count/DEBUG': 35,
 'log_count/INFO': 10,
 'memusage/max': 129024000,
 'memusage/startup': 129024000,
 'response_received_count': 2,
 'robotstxt/request_count': 1,
 'robotstxt/response_count': 1,
 'robotstxt/response_status_count/200': 1,
 'scheduler/dequeued': 1,
 'scheduler/dequeued/memory': 1,
 'scheduler/enqueued': 1,
 'scheduler/enqueued/memory': 1,
 'start_time': datetime.datetime(2023, 7, 26, 11, 28, 15, 372420)}
2023-07-26 16:28:29 - INFO - Spider closed (finished)
2023-07-26 16:28:29 - INFO - [INFO] Connected with database
2023-07-26 16:28:29 - INFO - Tables: [('employees',), ('yahoo_records',)]
2023-07-26 16:28:29 - INFO - [INFO] Data inserted successfully!
2023-07-26 16:28:30 - INFO - [INFO] Closing database connection
2023-07-26 16:30:16 - INFO - Scrapy 2.9.0 started (bot: scraper)
2023-07-26 16:30:16 - INFO - Versions: lxml 4.9.3.0, libxml2 2.10.3, cssselect 1.2.0, parsel 1.8.1, w3lib 2.1.1, Twisted 22.10.0, Python 3.10.12 (main, Jul  5 2023, 18:54:27) [GCC 11.2.0], pyOpenSSL 23.2.0 (OpenSSL 3.1.1 30 May 2023), cryptography 41.0.2, Platform Linux-6.1.39-1-lts-x86_64-with-glibc2.37
2023-07-26 16:30:16 - INFO - Overridden settings:
{'BOT_NAME': 'scraper',
 'FEED_EXPORT_ENCODING': 'utf-8',
 'NEWSPIDER_MODULE': 'scraper.spiders',
 'REQUEST_FINGERPRINTER_IMPLEMENTATION': '2.7',
 'ROBOTSTXT_OBEY': True,
 'SPIDER_MODULES': ['scraper.spiders'],
 'TWISTED_REACTOR': 'twisted.internet.asyncioreactor.AsyncioSelectorReactor',
 'USER_AGENT': 'Mozilla/5.0 (Windows NT 10.0; Win64; x64) AppleWebKit/537.36 '
               '(KHTML, like Gecko) Chrome/58.0.3029.110 Safari/537.3'}
2023-07-26 16:30:16 - DEBUG - Using selector: EpollSelector
2023-07-26 16:30:16 - DEBUG - Using reactor: twisted.internet.asyncioreactor.AsyncioSelectorReactor
2023-07-26 16:30:16 - DEBUG - Using asyncio event loop: asyncio.unix_events._UnixSelectorEventLoop
2023-07-26 16:30:16 - INFO - Telnet Password: 98d18b002479551d
2023-07-26 16:30:16 - INFO - Enabled extensions:
['scrapy.extensions.corestats.CoreStats',
 'scrapy.extensions.telnet.TelnetConsole',
 'scrapy.extensions.memusage.MemoryUsage',
 'scrapy.extensions.logstats.LogStats']
2023-07-26 16:30:16 - INFO - Enabled downloader middlewares:
['scrapy.downloadermiddlewares.robotstxt.RobotsTxtMiddleware',
 'scrapy.downloadermiddlewares.httpauth.HttpAuthMiddleware',
 'scrapy.downloadermiddlewares.downloadtimeout.DownloadTimeoutMiddleware',
 'scrapy.downloadermiddlewares.defaultheaders.DefaultHeadersMiddleware',
 'scrapy.downloadermiddlewares.useragent.UserAgentMiddleware',
 'scrapy.downloadermiddlewares.retry.RetryMiddleware',
 'scrapy.downloadermiddlewares.redirect.MetaRefreshMiddleware',
 'scrapy.downloadermiddlewares.httpcompression.HttpCompressionMiddleware',
 'scrapy.downloadermiddlewares.redirect.RedirectMiddleware',
 'scrapy.downloadermiddlewares.cookies.CookiesMiddleware',
 'scrapy.downloadermiddlewares.httpproxy.HttpProxyMiddleware',
 'scrapy.downloadermiddlewares.stats.DownloaderStats']
2023-07-26 16:30:16 - INFO - Enabled spider middlewares:
['scrapy.spidermiddlewares.httperror.HttpErrorMiddleware',
 'scrapy.spidermiddlewares.offsite.OffsiteMiddleware',
 'scrapy.spidermiddlewares.referer.RefererMiddleware',
 'scrapy.spidermiddlewares.urllength.UrlLengthMiddleware',
 'scrapy.spidermiddlewares.depth.DepthMiddleware']
2023-07-26 16:30:16 - INFO - Enabled item pipelines:
[]
2023-07-26 16:30:16 - INFO - Spider opened
2023-07-26 16:30:16 - INFO - Crawled 0 pages (at 0 pages/min), scraped 0 items (at 0 items/min)
2023-07-26 16:30:16 - INFO - Telnet console listening on 127.0.0.1:6023
2023-07-26 16:30:18 - DEBUG - Crawled (200) <GET https://finance.yahoo.com/robots.txt> (referer: None)
2023-07-26 16:31:11 - DEBUG - Crawled (200) <GET https://finance.yahoo.com/lookup> (referer: None)
2023-07-26 16:31:11 - DEBUG - Scraped from <200 https://finance.yahoo.com/lookup>
{'symbol': 'MSFT', 'name': 'Microsoft Corporation', 'last_price': '350.98', 'change': '+5.87', 'change_percentage': '+1.70%'}
2023-07-26 16:31:11 - DEBUG - Scraped from <200 https://finance.yahoo.com/lookup>
{'symbol': 'T', 'name': 'AT&T Inc.', 'last_price': '14.80', 'change': '-0.15', 'change_percentage': '-1.00%'}
2023-07-26 16:31:11 - DEBUG - Scraped from <200 https://finance.yahoo.com/lookup>
{'symbol': 'GOOG', 'name': 'Alphabet Inc.', 'last_price': '122.79', 'change': '+0.91', 'change_percentage': '+0.75%'}
2023-07-26 16:31:11 - DEBUG - Scraped from <200 https://finance.yahoo.com/lookup>
{'symbol': 'SNAP', 'name': 'Snap Inc.', 'last_price': '12.51', 'change': '-0.17', 'change_percentage': '-1.34%'}
2023-07-26 16:31:11 - DEBUG - Scraped from <200 https://finance.yahoo.com/lookup>
{'symbol': 'GOOGL', 'name': 'Alphabet Inc.', 'last_price': '122.21', 'change': '+0.68', 'change_percentage': '+0.56%'}
2023-07-26 16:31:11 - DEBUG - Scraped from <200 https://finance.yahoo.com/lookup>
{'symbol': 'TMO', 'name': 'Thermo Fisher Scientific Inc.', 'last_price': '570.91', 'change': '-0.61', 'change_percentage': '-0.11%'}
2023-07-26 16:31:11 - DEBUG - Scraped from <200 https://finance.yahoo.com/lookup>
{'symbol': 'RR.L', 'name': 'Rolls-Royce Holdings plc', 'last_price': '183.85', 'change': '+31.20', 'change_percentage': '+20.44%'}
2023-07-26 16:31:11 - DEBUG - Scraped from <200 https://finance.yahoo.com/lookup>
{'symbol': 'PACW', 'name': 'PacWest Bancorp', 'last_price': '7.69', 'change': '-2.85', 'change_percentage': '-27.04%'}
2023-07-26 16:31:11 - DEBUG - Scraped from <200 https://finance.yahoo.com/lookup>
{'symbol': 'META', 'name': 'Meta Platforms, Inc.', 'last_price': '294.47', 'change': '+2.86', 'change_percentage': '+0.98%'}
2023-07-26 16:31:11 - DEBUG - Scraped from <200 https://finance.yahoo.com/lookup>
{'symbol': 'SIMO', 'name': 'Silicon Motion Technology Corporation', 'last_price': '52.20', 'change': '-0.17', 'change_percentage': '-0.32%'}
2023-07-26 16:31:11 - DEBUG - Scraped from <200 https://finance.yahoo.com/lookup>
{'symbol': 'AMZN', 'name': 'Amazon.com, Inc.', 'last_price': '129.13', 'change': '+0.33', 'change_percentage': '+0.26%'}
2023-07-26 16:31:11 - DEBUG - Scraped from <200 https://finance.yahoo.com/lookup>
{'symbol': 'BANC', 'name': 'Banc of California, Inc.', 'last_price': '14.62', 'change': '+1.47', 'change_percentage': '+11.17%'}
2023-07-26 16:31:11 - DEBUG - Scraped from <200 https://finance.yahoo.com/lookup>
{'symbol': 'TDOC', 'name': 'Teladoc Health, Inc.', 'last_price': '22.78', 'change': '-0.59', 'change_percentage': '-2.52%'}
2023-07-26 16:31:11 - DEBUG - Scraped from <200 https://finance.yahoo.com/lookup>
{'symbol': 'DISH', 'name': 'DISH Network Corporation', 'last_price': '7.72', 'change': '-0.04', 'change_percentage': '-0.52%'}
2023-07-26 16:31:11 - DEBUG - Scraped from <200 https://finance.yahoo.com/lookup>
{'symbol': 'TSEM', 'name': 'Tower Semiconductor Ltd.', 'last_price': '34.78', 'change': '-0.22', 'change_percentage': '-0.63%'}
2023-07-26 16:31:11 - DEBUG - Scraped from <200 https://finance.yahoo.com/lookup>
{'symbol': 'V', 'name': 'Visa Inc.', 'last_price': '238.69', 'change': '-2.05', 'change_percentage': '-0.85%'}
2023-07-26 16:31:11 - DEBUG - Scraped from <200 https://finance.yahoo.com/lookup>
{'symbol': 'WM', 'name': 'Waste Management, Inc.', 'last_price': '171.75', 'change': '-0.05', 'change_percentage': '-0.03%'}
2023-07-26 16:31:11 - DEBUG - Scraped from <200 https://finance.yahoo.com/lookup>
{'symbol': 'MC.PA', 'name': 'LVMH Moët Hennessy - Louis Vuitton, Société Européenne', 'last_price': '812.00', 'change': '-42.00', 'change_percentage': '-4.92%'}
2023-07-26 16:31:11 - DEBUG - Scraped from <200 https://finance.yahoo.com/lookup>
{'symbol': 'WFC', 'name': 'Wells Fargo & Company', 'last_price': '45.48', 'change': '-0.94', 'change_percentage': '-2.02%'}
2023-07-26 16:31:11 - DEBUG - Scraped from <200 https://finance.yahoo.com/lookup>
{'symbol': 'UPST', 'name': 'Upstart Holdings, Inc.', 'last_price': '62.99', 'change': '+9.35', 'change_percentage': '+17.43%'}
2023-07-26 16:31:11 - DEBUG - Scraped from <200 https://finance.yahoo.com/lookup>
{'symbol': 'INPX', 'name': 'Inpixon', 'last_price': '0.2886', 'change': '+0.1363', 'change_percentage': '+89.49%'}
2023-07-26 16:31:11 - DEBUG - Scraped from <200 https://finance.yahoo.com/lookup>
{'symbol': 'TXN', 'name': 'Texas Instruments Incorporated', 'last_price': '186.08', 'change': '+2.19', 'change_percentage': '+1.19%'}
2023-07-26 16:31:11 - DEBUG - Scraped from <200 https://finance.yahoo.com/lookup>
{'symbol': 'MXL', 'name': 'MaxLinear, Inc.', 'last_price': '34.00', 'change': '+0.40', 'change_percentage': '+1.19%'}
2023-07-26 16:31:11 - DEBUG - Scraped from <200 https://finance.yahoo.com/lookup>
{'symbol': 'BA', 'name': 'The Boeing Company', 'last_price': '214.12', 'change': '-1.75', 'change_percentage': '-0.81%'}
2023-07-26 16:31:11 - DEBUG - Scraped from <200 https://finance.yahoo.com/lookup>
{'symbol': 'WRNT', 'name': 'Warrantee Inc. American Depositary Shares', 'last_price': '4.3000', 'change': '+0.3000', 'change_percentage': '+7.50%'}
2023-07-26 16:31:11 - DEBUG - Scraped from <200 https://finance.yahoo.com/lookup>
{'symbol': 'KO', 'name': 'The Coca-Cola Company', 'last_price': '62.25', 'change': '-0.21', 'change_percentage': '-0.34%'}
2023-07-26 16:31:11 - DEBUG - Scraped from <200 https://finance.yahoo.com/lookup>
{'symbol': 'AURC', 'name': 'Aurora Acquisition Corp.', 'last_price': '33.53', 'change': '+23.08', 'change_percentage': '+220.86%'}
2023-07-26 16:31:11 - DEBUG - Scraped from <200 https://finance.yahoo.com/lookup>
{'symbol': 'TLRY', 'name': 'Tilray Brands, Inc.', 'last_price': '1.6800', 'change': '-0.0100', 'change_percentage': '-0.59%'}
2023-07-26 16:31:11 - DEBUG - Scraped from <200 https://finance.yahoo.com/lookup>
{'symbol': 'NKLA', 'name': 'Nikola Corporation', 'last_price': '2.0300', 'change': '-0.3500', 'change_percentage': '-14.71%'}
2023-07-26 16:31:11 - DEBUG - Scraped from <200 https://finance.yahoo.com/lookup>
{'symbol': 'BFRG', 'name': 'Bullfrog AI Holdings, Inc.', 'last_price': '4.9900', 'change': '+1.5300', 'change_percentage': '+44.22%'}
2023-07-26 16:31:11 - INFO - Closing spider (finished)
2023-07-26 16:31:11 - INFO - Dumping Scrapy stats:
{'downloader/request_bytes': 610,
 'downloader/request_count': 2,
 'downloader/request_method_count/GET': 2,
 'downloader/response_bytes': 905001,
 'downloader/response_count': 2,
 'downloader/response_status_count/200': 2,
 'elapsed_time_seconds': 54.989503,
 'finish_reason': 'finished',
 'finish_time': datetime.datetime(2023, 7, 26, 11, 31, 11, 712186),
 'httpcompression/response_bytes': 1598771,
 'httpcompression/response_count': 1,
 'item_scraped_count': 30,
 'log_count/DEBUG': 35,
 'log_count/INFO': 10,
 'memusage/max': 129060864,
 'memusage/startup': 129060864,
 'response_received_count': 2,
 'robotstxt/request_count': 1,
 'robotstxt/response_count': 1,
 'robotstxt/response_status_count/200': 1,
 'scheduler/dequeued': 1,
 'scheduler/dequeued/memory': 1,
 'scheduler/enqueued': 1,
 'scheduler/enqueued/memory': 1,
 'start_time': datetime.datetime(2023, 7, 26, 11, 30, 16, 722683)}
2023-07-26 16:31:11 - INFO - Spider closed (finished)
2023-07-26 16:31:11 - INFO - [INFO] Connected with database
2023-07-26 16:31:11 - INFO - Tables: [('employees',), ('yahoo_records',)]
2023-07-26 16:31:12 - INFO - [INFO] Data inserted successfully!
2023-07-26 16:31:12 - INFO - Scrapy 2.9.0 started (bot: scraper)
2023-07-26 16:31:12 - INFO - Versions: lxml 4.9.3.0, libxml2 2.10.3, cssselect 1.2.0, parsel 1.8.1, w3lib 2.1.1, Twisted 22.10.0, Python 3.10.12 (main, Jul  5 2023, 18:54:27) [GCC 11.2.0], pyOpenSSL 23.2.0 (OpenSSL 3.1.1 30 May 2023), cryptography 41.0.2, Platform Linux-6.1.39-1-lts-x86_64-with-glibc2.37
2023-07-26 16:31:12 - INFO - Overridden settings:
{'BOT_NAME': 'scraper',
 'FEED_EXPORT_ENCODING': 'utf-8',
 'NEWSPIDER_MODULE': 'scraper.spiders',
 'REQUEST_FINGERPRINTER_IMPLEMENTATION': '2.7',
 'ROBOTSTXT_OBEY': True,
 'SPIDER_MODULES': ['scraper.spiders'],
 'TWISTED_REACTOR': 'twisted.internet.asyncioreactor.AsyncioSelectorReactor',
 'USER_AGENT': 'Mozilla/5.0 (Windows NT 10.0; Win64; x64) AppleWebKit/537.36 '
               '(KHTML, like Gecko) Chrome/58.0.3029.110 Safari/537.3'}
2023-07-26 16:31:12 - DEBUG - Using reactor: twisted.internet.asyncioreactor.AsyncioSelectorReactor
2023-07-26 16:31:12 - DEBUG - Using asyncio event loop: asyncio.unix_events._UnixSelectorEventLoop
2023-07-26 16:31:12 - INFO - Telnet Password: c4131bbd2487318a
2023-07-26 16:31:12 - INFO - Enabled extensions:
['scrapy.extensions.corestats.CoreStats',
 'scrapy.extensions.telnet.TelnetConsole',
 'scrapy.extensions.memusage.MemoryUsage',
 'scrapy.extensions.logstats.LogStats']
2023-07-26 16:31:12 - INFO - Enabled downloader middlewares:
['scrapy.downloadermiddlewares.robotstxt.RobotsTxtMiddleware',
 'scrapy.downloadermiddlewares.httpauth.HttpAuthMiddleware',
 'scrapy.downloadermiddlewares.downloadtimeout.DownloadTimeoutMiddleware',
 'scrapy.downloadermiddlewares.defaultheaders.DefaultHeadersMiddleware',
 'scrapy.downloadermiddlewares.useragent.UserAgentMiddleware',
 'scrapy.downloadermiddlewares.retry.RetryMiddleware',
 'scrapy.downloadermiddlewares.redirect.MetaRefreshMiddleware',
 'scrapy.downloadermiddlewares.httpcompression.HttpCompressionMiddleware',
 'scrapy.downloadermiddlewares.redirect.RedirectMiddleware',
 'scrapy.downloadermiddlewares.cookies.CookiesMiddleware',
 'scrapy.downloadermiddlewares.httpproxy.HttpProxyMiddleware',
 'scrapy.downloadermiddlewares.stats.DownloaderStats']
2023-07-26 16:31:12 - INFO - Enabled spider middlewares:
['scrapy.spidermiddlewares.httperror.HttpErrorMiddleware',
 'scrapy.spidermiddlewares.offsite.OffsiteMiddleware',
 'scrapy.spidermiddlewares.referer.RefererMiddleware',
 'scrapy.spidermiddlewares.urllength.UrlLengthMiddleware',
 'scrapy.spidermiddlewares.depth.DepthMiddleware']
2023-07-26 16:31:12 - INFO - Enabled item pipelines:
[]
2023-07-26 16:31:12 - INFO - Spider opened
2023-07-26 16:31:12 - INFO - Crawled 0 pages (at 0 pages/min), scraped 0 items (at 0 items/min)
2023-07-26 16:31:12 - INFO - Telnet console listening on 127.0.0.1:6023
2023-07-26 16:31:12 - INFO - [INFO] Closing database connection
2023-07-26 16:34:31 - INFO - Scrapy 2.9.0 started (bot: scraper)
2023-07-26 16:34:31 - INFO - Versions: lxml 4.9.3.0, libxml2 2.10.3, cssselect 1.2.0, parsel 1.8.1, w3lib 2.1.1, Twisted 22.10.0, Python 3.10.12 (main, Jul  5 2023, 18:54:27) [GCC 11.2.0], pyOpenSSL 23.2.0 (OpenSSL 3.1.1 30 May 2023), cryptography 41.0.2, Platform Linux-6.1.39-1-lts-x86_64-with-glibc2.37
2023-07-26 16:34:31 - INFO - Overridden settings:
{'BOT_NAME': 'scraper',
 'FEED_EXPORT_ENCODING': 'utf-8',
 'LOG_LEVEL': 'INFO',
 'NEWSPIDER_MODULE': 'scraper.spiders',
 'REQUEST_FINGERPRINTER_IMPLEMENTATION': '2.7',
 'ROBOTSTXT_OBEY': True,
 'SPIDER_MODULES': ['scraper.spiders'],
 'TWISTED_REACTOR': 'twisted.internet.asyncioreactor.AsyncioSelectorReactor',
 'USER_AGENT': 'Mozilla/5.0 (Windows NT 10.0; Win64; x64) AppleWebKit/537.36 '
               '(KHTML, like Gecko) Chrome/58.0.3029.110 Safari/537.3'}
2023-07-26 16:34:31 - DEBUG - Using selector: EpollSelector
2023-07-26 16:34:31 - DEBUG - Using reactor: twisted.internet.asyncioreactor.AsyncioSelectorReactor
2023-07-26 16:34:31 - DEBUG - Using asyncio event loop: asyncio.unix_events._UnixSelectorEventLoop
2023-07-26 16:34:31 - INFO - Telnet Password: fdb9eeb6e3ca2c2e
2023-07-26 16:34:31 - INFO - Enabled extensions:
['scrapy.extensions.corestats.CoreStats',
 'scrapy.extensions.telnet.TelnetConsole',
 'scrapy.extensions.memusage.MemoryUsage',
 'scrapy.extensions.logstats.LogStats']
2023-07-26 16:34:32 - INFO - Enabled downloader middlewares:
['scrapy.downloadermiddlewares.robotstxt.RobotsTxtMiddleware',
 'scrapy.downloadermiddlewares.httpauth.HttpAuthMiddleware',
 'scrapy.downloadermiddlewares.downloadtimeout.DownloadTimeoutMiddleware',
 'scrapy.downloadermiddlewares.defaultheaders.DefaultHeadersMiddleware',
 'scrapy.downloadermiddlewares.useragent.UserAgentMiddleware',
 'scrapy.downloadermiddlewares.retry.RetryMiddleware',
 'scrapy.downloadermiddlewares.redirect.MetaRefreshMiddleware',
 'scrapy.downloadermiddlewares.httpcompression.HttpCompressionMiddleware',
 'scrapy.downloadermiddlewares.redirect.RedirectMiddleware',
 'scrapy.downloadermiddlewares.cookies.CookiesMiddleware',
 'scrapy.downloadermiddlewares.httpproxy.HttpProxyMiddleware',
 'scrapy.downloadermiddlewares.stats.DownloaderStats']
2023-07-26 16:34:32 - INFO - Enabled spider middlewares:
['scrapy.spidermiddlewares.httperror.HttpErrorMiddleware',
 'scrapy.spidermiddlewares.offsite.OffsiteMiddleware',
 'scrapy.spidermiddlewares.referer.RefererMiddleware',
 'scrapy.spidermiddlewares.urllength.UrlLengthMiddleware',
 'scrapy.spidermiddlewares.depth.DepthMiddleware']
2023-07-26 16:34:32 - INFO - Enabled item pipelines:
[]
2023-07-26 16:34:32 - INFO - Spider opened
2023-07-26 16:34:32 - INFO - Crawled 0 pages (at 0 pages/min), scraped 0 items (at 0 items/min)
2023-07-26 16:34:32 - INFO - Telnet console listening on 127.0.0.1:6023
2023-07-26 16:34:33 - DEBUG - Crawled (200) <GET https://finance.yahoo.com/robots.txt> (referer: None)
2023-07-26 16:35:23 - DEBUG - Crawled (200) <GET https://finance.yahoo.com/lookup> (referer: None)
2023-07-26 16:35:23 - DEBUG - Scraped from <200 https://finance.yahoo.com/lookup>
{'symbol': 'MSFT', 'name': 'Microsoft Corporation', 'last_price': '350.98', 'change': '+5.87', 'change_percentage': '+1.70%'}
2023-07-26 16:35:23 - DEBUG - Scraped from <200 https://finance.yahoo.com/lookup>
{'symbol': 'T', 'name': 'AT&T Inc.', 'last_price': '14.80', 'change': '-0.15', 'change_percentage': '-1.00%'}
2023-07-26 16:35:23 - DEBUG - Scraped from <200 https://finance.yahoo.com/lookup>
{'symbol': 'GOOG', 'name': 'Alphabet Inc.', 'last_price': '122.79', 'change': '+0.91', 'change_percentage': '+0.75%'}
2023-07-26 16:35:23 - DEBUG - Scraped from <200 https://finance.yahoo.com/lookup>
{'symbol': 'SNAP', 'name': 'Snap Inc.', 'last_price': '12.51', 'change': '-0.17', 'change_percentage': '-1.34%'}
2023-07-26 16:35:23 - DEBUG - Scraped from <200 https://finance.yahoo.com/lookup>
{'symbol': 'GOOGL', 'name': 'Alphabet Inc.', 'last_price': '122.21', 'change': '+0.68', 'change_percentage': '+0.56%'}
2023-07-26 16:35:23 - DEBUG - Scraped from <200 https://finance.yahoo.com/lookup>
{'symbol': 'TMO', 'name': 'Thermo Fisher Scientific Inc.', 'last_price': '570.91', 'change': '-0.61', 'change_percentage': '-0.11%'}
2023-07-26 16:35:23 - DEBUG - Scraped from <200 https://finance.yahoo.com/lookup>
{'symbol': 'RR.L', 'name': 'Rolls-Royce Holdings plc', 'last_price': '183.95', 'change': '+31.30', 'change_percentage': '+20.50%'}
2023-07-26 16:35:23 - DEBUG - Scraped from <200 https://finance.yahoo.com/lookup>
{'symbol': 'PACW', 'name': 'PacWest Bancorp', 'last_price': '7.69', 'change': '-2.85', 'change_percentage': '-27.04%'}
2023-07-26 16:35:23 - DEBUG - Scraped from <200 https://finance.yahoo.com/lookup>
{'symbol': 'META', 'name': 'Meta Platforms, Inc.', 'last_price': '294.47', 'change': '+2.86', 'change_percentage': '+0.98%'}
2023-07-26 16:35:23 - DEBUG - Scraped from <200 https://finance.yahoo.com/lookup>
{'symbol': 'SIMO', 'name': 'Silicon Motion Technology Corporation', 'last_price': '52.20', 'change': '-0.17', 'change_percentage': '-0.32%'}
2023-07-26 16:35:23 - DEBUG - Scraped from <200 https://finance.yahoo.com/lookup>
{'symbol': 'AMZN', 'name': 'Amazon.com, Inc.', 'last_price': '129.13', 'change': '+0.33', 'change_percentage': '+0.26%'}
2023-07-26 16:35:23 - DEBUG - Scraped from <200 https://finance.yahoo.com/lookup>
{'symbol': 'BANC', 'name': 'Banc of California, Inc.', 'last_price': '14.62', 'change': '+1.47', 'change_percentage': '+11.17%'}
2023-07-26 16:35:23 - DEBUG - Scraped from <200 https://finance.yahoo.com/lookup>
{'symbol': 'TDOC', 'name': 'Teladoc Health, Inc.', 'last_price': '22.78', 'change': '-0.59', 'change_percentage': '-2.52%'}
2023-07-26 16:35:23 - DEBUG - Scraped from <200 https://finance.yahoo.com/lookup>
{'symbol': 'DISH', 'name': 'DISH Network Corporation', 'last_price': '7.72', 'change': '-0.04', 'change_percentage': '-0.52%'}
2023-07-26 16:35:23 - DEBUG - Scraped from <200 https://finance.yahoo.com/lookup>
{'symbol': 'TSEM', 'name': 'Tower Semiconductor Ltd.', 'last_price': '34.78', 'change': '-0.22', 'change_percentage': '-0.63%'}
2023-07-26 16:35:23 - DEBUG - Scraped from <200 https://finance.yahoo.com/lookup>
{'symbol': 'V', 'name': 'Visa Inc.', 'last_price': '238.69', 'change': '-2.05', 'change_percentage': '-0.85%'}
2023-07-26 16:35:23 - DEBUG - Scraped from <200 https://finance.yahoo.com/lookup>
{'symbol': 'WM', 'name': 'Waste Management, Inc.', 'last_price': '171.75', 'change': '-0.05', 'change_percentage': '-0.03%'}
2023-07-26 16:35:23 - DEBUG - Scraped from <200 https://finance.yahoo.com/lookup>
{'symbol': 'MC.PA', 'name': 'LVMH Moët Hennessy - Louis Vuitton, Société Européenne', 'last_price': '811.70', 'change': '-42.30', 'change_percentage': '-4.95%'}
2023-07-26 16:35:23 - DEBUG - Scraped from <200 https://finance.yahoo.com/lookup>
{'symbol': 'WFC', 'name': 'Wells Fargo & Company', 'last_price': '45.48', 'change': '-0.94', 'change_percentage': '-2.02%'}
2023-07-26 16:35:23 - DEBUG - Scraped from <200 https://finance.yahoo.com/lookup>
{'symbol': 'UPST', 'name': 'Upstart Holdings, Inc.', 'last_price': '62.99', 'change': '+9.35', 'change_percentage': '+17.43%'}
2023-07-26 16:35:23 - DEBUG - Scraped from <200 https://finance.yahoo.com/lookup>
{'symbol': 'INPX', 'name': 'Inpixon', 'last_price': '0.2886', 'change': '+0.1363', 'change_percentage': '+89.49%'}
2023-07-26 16:35:23 - DEBUG - Scraped from <200 https://finance.yahoo.com/lookup>
{'symbol': 'TXN', 'name': 'Texas Instruments Incorporated', 'last_price': '186.08', 'change': '+2.19', 'change_percentage': '+1.19%'}
2023-07-26 16:35:23 - DEBUG - Scraped from <200 https://finance.yahoo.com/lookup>
{'symbol': 'MXL', 'name': 'MaxLinear, Inc.', 'last_price': '34.00', 'change': '+0.40', 'change_percentage': '+1.19%'}
2023-07-26 16:35:23 - DEBUG - Scraped from <200 https://finance.yahoo.com/lookup>
{'symbol': 'BA', 'name': 'The Boeing Company', 'last_price': '214.12', 'change': '-1.75', 'change_percentage': '-0.81%'}
2023-07-26 16:35:23 - DEBUG - Scraped from <200 https://finance.yahoo.com/lookup>
{'symbol': 'WRNT', 'name': 'Warrantee Inc. American Depositary Shares', 'last_price': '4.3000', 'change': '+0.3000', 'change_percentage': '+7.50%'}
2023-07-26 16:35:23 - DEBUG - Scraped from <200 https://finance.yahoo.com/lookup>
{'symbol': 'KO', 'name': 'The Coca-Cola Company', 'last_price': '62.25', 'change': '-0.21', 'change_percentage': '-0.34%'}
2023-07-26 16:35:23 - DEBUG - Scraped from <200 https://finance.yahoo.com/lookup>
{'symbol': 'AURC', 'name': 'Aurora Acquisition Corp.', 'last_price': '33.53', 'change': '+23.08', 'change_percentage': '+220.86%'}
2023-07-26 16:35:23 - DEBUG - Scraped from <200 https://finance.yahoo.com/lookup>
{'symbol': 'TLRY', 'name': 'Tilray Brands, Inc.', 'last_price': '1.6800', 'change': '-0.0100', 'change_percentage': '-0.59%'}
2023-07-26 16:35:23 - DEBUG - Scraped from <200 https://finance.yahoo.com/lookup>
{'symbol': 'NKLA', 'name': 'Nikola Corporation', 'last_price': '2.0300', 'change': '-0.3500', 'change_percentage': '-14.71%'}
2023-07-26 16:35:23 - DEBUG - Scraped from <200 https://finance.yahoo.com/lookup>
{'symbol': 'BFRG', 'name': 'Bullfrog AI Holdings, Inc.', 'last_price': '4.9900', 'change': '+1.5300', 'change_percentage': '+44.22%'}
2023-07-26 16:35:23 - INFO - Closing spider (finished)
2023-07-26 16:35:23 - INFO - Dumping Scrapy stats:
{'downloader/request_bytes': 610,
 'downloader/request_count': 2,
 'downloader/request_method_count/GET': 2,
 'downloader/response_bytes': 904368,
 'downloader/response_count': 2,
 'downloader/response_status_count/200': 2,
 'elapsed_time_seconds': 51.583834,
 'finish_reason': 'finished',
 'finish_time': datetime.datetime(2023, 7, 26, 11, 35, 23, 778965),
 'httpcompression/response_bytes': 1598415,
 'httpcompression/response_count': 1,
 'item_scraped_count': 30,
 'log_count/INFO': 10,
 'memusage/max': 129060864,
 'memusage/startup': 129060864,
 'response_received_count': 2,
 'robotstxt/request_count': 1,
 'robotstxt/response_count': 1,
 'robotstxt/response_status_count/200': 1,
 'scheduler/dequeued': 1,
 'scheduler/dequeued/memory': 1,
 'scheduler/enqueued': 1,
 'scheduler/enqueued/memory': 1,
 'start_time': datetime.datetime(2023, 7, 26, 11, 34, 32, 195131)}
2023-07-26 16:35:23 - INFO - Spider closed (finished)
2023-07-26 16:35:23 - INFO - Scrapy 2.9.0 started (bot: scraper)
2023-07-26 16:35:23 - INFO - Versions: lxml 4.9.3.0, libxml2 2.10.3, cssselect 1.2.0, parsel 1.8.1, w3lib 2.1.1, Twisted 22.10.0, Python 3.10.12 (main, Jul  5 2023, 18:54:27) [GCC 11.2.0], pyOpenSSL 23.2.0 (OpenSSL 3.1.1 30 May 2023), cryptography 41.0.2, Platform Linux-6.1.39-1-lts-x86_64-with-glibc2.37
2023-07-26 16:35:23 - INFO - Overridden settings:
{'BOT_NAME': 'scraper',
 'FEED_EXPORT_ENCODING': 'utf-8',
 'LOG_LEVEL': 'INFO',
 'NEWSPIDER_MODULE': 'scraper.spiders',
 'REQUEST_FINGERPRINTER_IMPLEMENTATION': '2.7',
 'ROBOTSTXT_OBEY': True,
 'SPIDER_MODULES': ['scraper.spiders'],
 'TWISTED_REACTOR': 'twisted.internet.asyncioreactor.AsyncioSelectorReactor',
 'USER_AGENT': 'Mozilla/5.0 (Windows NT 10.0; Win64; x64) AppleWebKit/537.36 '
               '(KHTML, like Gecko) Chrome/58.0.3029.110 Safari/537.3'}
2023-07-26 16:35:23 - DEBUG - Using reactor: twisted.internet.asyncioreactor.AsyncioSelectorReactor
2023-07-26 16:35:23 - DEBUG - Using asyncio event loop: asyncio.unix_events._UnixSelectorEventLoop
2023-07-26 16:35:24 - INFO - Telnet Password: 3564ae17aa1cb652
2023-07-26 16:35:24 - INFO - Enabled extensions:
['scrapy.extensions.corestats.CoreStats',
 'scrapy.extensions.telnet.TelnetConsole',
 'scrapy.extensions.memusage.MemoryUsage',
 'scrapy.extensions.logstats.LogStats']
2023-07-26 16:35:24 - INFO - Enabled downloader middlewares:
['scrapy.downloadermiddlewares.robotstxt.RobotsTxtMiddleware',
 'scrapy.downloadermiddlewares.httpauth.HttpAuthMiddleware',
 'scrapy.downloadermiddlewares.downloadtimeout.DownloadTimeoutMiddleware',
 'scrapy.downloadermiddlewares.defaultheaders.DefaultHeadersMiddleware',
 'scrapy.downloadermiddlewares.useragent.UserAgentMiddleware',
 'scrapy.downloadermiddlewares.retry.RetryMiddleware',
 'scrapy.downloadermiddlewares.redirect.MetaRefreshMiddleware',
 'scrapy.downloadermiddlewares.httpcompression.HttpCompressionMiddleware',
 'scrapy.downloadermiddlewares.redirect.RedirectMiddleware',
 'scrapy.downloadermiddlewares.cookies.CookiesMiddleware',
 'scrapy.downloadermiddlewares.httpproxy.HttpProxyMiddleware',
 'scrapy.downloadermiddlewares.stats.DownloaderStats']
2023-07-26 16:35:24 - INFO - Enabled spider middlewares:
['scrapy.spidermiddlewares.httperror.HttpErrorMiddleware',
 'scrapy.spidermiddlewares.offsite.OffsiteMiddleware',
 'scrapy.spidermiddlewares.referer.RefererMiddleware',
 'scrapy.spidermiddlewares.urllength.UrlLengthMiddleware',
 'scrapy.spidermiddlewares.depth.DepthMiddleware']
2023-07-26 16:35:24 - INFO - Enabled item pipelines:
[]
2023-07-26 16:35:24 - INFO - Spider opened
2023-07-26 16:35:24 - INFO - Crawled 0 pages (at 0 pages/min), scraped 0 items (at 0 items/min)
2023-07-26 16:35:24 - INFO - Telnet console listening on 127.0.0.1:6023
